<?xml version="1.0" encoding="UTF-8"?>
<!-- Generated by org.testng.reporters.JUnitReportReporter -->
<testsuite hostname="DESKTOP-RPKE00A" failures="0" tests="1" name="com.AddAndRemoveCartItems.removeItemsFromCart" time="11.727" errors="0" timestamp="2022-03-15T17:22:06 IST" skipped="0">
  <testcase classname="com.AddAndRemoveCartItems.removeItemsFromCart" name="TestMedicareLoginPage" time="11.727"/>
  <system-out/>
</testsuite> <!-- com.AddAndRemoveCartItems.removeItemsFromCart -->
