<?xml version="1.0" encoding="UTF-8"?>
<!-- Generated by org.testng.reporters.JUnitReportReporter -->
<testsuite hostname="DESKTOP-RPKE00A" failures="0" tests="1" name="com.addtocartitems.addItemsToCart" time="13.936" errors="0" timestamp="2022-03-15T17:12:34 IST" skipped="0">
  <testcase classname="com.addtocartitems.addItemsToCart" name="TestMedicareLoginPage" time="13.936"/>
  <system-out/>
</testsuite> <!-- com.addtocartitems.addItemsToCart -->
