<?xml version="1.0" encoding="UTF-8"?>
<!-- Generated by org.testng.reporters.JUnitReportReporter -->
<testsuite hostname="DESKTOP-RPKE00A" failures="0" tests="1" name="com.AddRemoveOrderCartItems.removeItemsFromCart" time="12.189" errors="0" timestamp="2022-03-15T18:29:25 IST" skipped="0">
  <testcase classname="com.AddRemoveOrderCartItems.removeItemsFromCart" name="removeItemsFromCart" time="12.189"/>
  <system-out/>
</testsuite> <!-- com.AddRemoveOrderCartItems.removeItemsFromCart -->
