<?xml version="1.0" encoding="UTF-8"?>
<!-- Generated by org.testng.reporters.JUnitReportReporter -->
<testsuite hostname="DESKTOP-RPKE00A" failures="0" tests="1" name="com.AddRemoveOrderCartItems.addItemsToCart" time="12.224" errors="0" timestamp="2022-03-15T18:11:48 IST" skipped="0">
  <testcase classname="com.AddRemoveOrderCartItems.addItemsToCart" name="TestMedicareLoginPage" time="12.224"/>
  <system-out/>
</testsuite> <!-- com.AddRemoveOrderCartItems.addItemsToCart -->
