<?xml version="1.0" encoding="UTF-8"?>
<!-- Generated by org.testng.reporters.JUnitReportReporter -->
<testsuite hostname="DESKTOP-RPKE00A" failures="0" tests="1" name="com.authenticate.SignupTest" time="11.496" errors="0" timestamp="2022-03-15T16:12:35 IST" skipped="0">
  <testcase classname="com.authenticate.SignupTest" name="TestMedicareSignupPage" time="11.496"/>
  <system-out/>
</testsuite> <!-- com.authenticate.SignupTest -->
